#
# A fatal error has been detected by the Java Runtime Environment:
#
#  EXCEPTION_ACCESS_VIOLATION (0xc0000005) at pc=0x00007ffc5e7d8d30, pid=22508, tid=26912
#
# JRE version: OpenJDK Runtime Environment (23.0.2+7) (build 23.0.2+7-58)
# Java VM: OpenJDK 64-Bit Server VM (23.0.2+7-58, mixed mode, sharing, tiered, compressed oops, compressed class ptrs, g1 gc, windows-amd64)
# Problematic frame:
# V  [jvm.dll+0x3b8d30]
#
# No core dump will be written. Minidumps are not enabled by default on client versions of Windows
#
# If you would like to submit a bug report, please visit:
#   https://bugreport.java.com/bugreport/crash.jsp
#

---------------  S U M M A R Y ------------

Command Line: -ea -Didea.test.cyclic.buffer.size=1048576 -javaagent:C:\Program Files\JetBrains\IntelliJ IDEA Community Edition 2024.2.4\lib\idea_rt.jar=61820:C:\Program Files\JetBrains\IntelliJ IDEA Community Edition 2024.2.4\bin -Dfile.encoding=UTF-8 -Dsun.stdout.encoding=UTF-8 -Dsun.stderr.encoding=UTF-8 com.intellij.rt.testng.RemoteTestNGStarter -usedefaultlisteners false -socket61819 @w@C:\Users\HATEMM~1\AppData\Local\Temp\idea_working_dirs_testng.tmp -temp C:\Users\HATEMM~1\AppData\Local\Temp\idea_testng.tmp

Host: Intel(R) Core(TM) i5-8500 CPU @ 3.00GHz, 6 cores, 15G,  Windows 10 , 64 bit Build 19041 (10.0.19041.5678)
Time: Tue May 13 00:06:40 2025 Egypt Daylight Time elapsed time: 4.557378 seconds (0d 0h 0m 4s)

---------------  T H R E A D  ---------------

Current thread (0x0000013bf67924c0):  JavaThread "C2 CompilerThread0" daemon [_thread_in_native, id=26912, stack(0x0000002b60e00000,0x0000002b60f00000) (1024K)]


Current CompileTask:
C2:4557 5792   !   4       java.util.concurrent.ConcurrentHashMap::putVal (432 bytes)

Stack: [0x0000002b60e00000,0x0000002b60f00000],  sp=0x0000002b60efcb90,  free space=1010k
Native frames: (J=compiled Java code, j=interpreted, Vv=VM code, C=native code)
V  [jvm.dll+0x3b8d30]  (no source info available)
V  [jvm.dll+0x3b2008]  (no source info available)
V  [jvm.dll+0x1dc4f5]  (no source info available)
V  [jvm.dll+0x244ce5]  (no source info available)
V  [jvm.dll+0x243eff]  (no source info available)
V  [jvm.dll+0x1c34b0]  (no source info available)
V  [jvm.dll+0x253df1]  (no source info available)
V  [jvm.dll+0x2520aa]  (no source info available)
V  [jvm.dll+0x3ee226]  (no source info available)
V  [jvm.dll+0x8254cb]  (no source info available)
V  [jvm.dll+0x6df345]  (no source info available)
C  [ucrtbase.dll+0x21bb2]  (no source info available)
C  [KERNEL32.DLL+0x17374]  (no source info available)
C  [ntdll.dll+0x4cc91]  (no source info available)


siginfo: EXCEPTION_ACCESS_VIOLATION (0xc0000005), reading address 0xffffffffffffffff


Registers:
RAX=0x0000000000000000, RBX=0x0000000000000000, RCX=0x0000000000000000, RDX=0x0000fffc5f06c698
RSP=0x0000002b60efcb90, RBP=0x00007ffc5f06c698, RSI=0x0000000000000000, RDI=0x0000002b60efcbe0
R8 =0x0000013bc99d2b80, R9 =0x0000000000000006, R10=0x0000000000000000, R11=0x0000000000000004
R12=0x0000000000000080, R13=0x0000000000000000, R14=0x0000002b60efcd10, R15=0x00000000000001b9
RIP=0x00007ffc5e7d8d30, EFLAGS=0x0000000000010246


Register to memory mapping:

RAX=0x0 is null
RBX=0x0 is null
RCX=0x0 is null
RDX=0x0000fffc5f06c698 is an unknown value
RSP=0x0000002b60efcb90 is pointing into the stack for thread: 0x0000013bf67924c0
RBP=0x00007ffc5f06c698 jvm.dll
RSI=0x0 is null
RDI=0x0000002b60efcbe0 is pointing into the stack for thread: 0x0000013bf67924c0
R8 =0x0000013bc99d2b80 points into unknown readable memory: 0x0000000600000008 | 08 00 00 00 06 00 00 00
R9 =0x0000000000000006 is an unknown value
R10=0x0 is null
R11=0x0000000000000004 is an unknown value
R12=0x0000000000000080 is an unknown value
R13=0x0 is null
R14=0x0000002b60efcd10 is pointing into the stack for thread: 0x0000013bf67924c0
R15=0x00000000000001b9 is an unknown value

Top of Stack: (sp=0x0000002b60efcb90)
0x0000002b60efcb90:   00000000000005e2 00007ffc5e7d8e84
0x0000002b60efcba0:   0000013bc8011fc0 0000013bf6768700
0x0000002b60efcbb0:   0000000000000000 00007ffc5e7d2008
0x0000002b60efcbc0:   00000000000001b9 0000000000000001
0x0000002b60efcbd0:   0000000000000000 0000002b60efcd10
0x0000002b60efcbe0:   0000000000000000 0000000400000000
0x0000002b60efcbf0:   0000000600000000 0000fffc5f06c698
0x0000002b60efcc00:   0000013bc99d2b90 0000013bc99d2b80
0x0000002b60efcc10:   0000013bc76fe140 0000000000000000
0x0000002b60efcc20:   0000013bc76fe130 0000002b60efd1a0
0x0000002b60efcc30:   0000000000000001 00007ffc5e5fc4f5
0x0000002b60efcc40:   0000002b60efd0c0 0000002b60efcd40
0x0000002b60efcc50:   0000013bc76fe518 0000013bc76fe130
0x0000002b60efcc60:   0000000000000000 0000000000000000
0x0000002b60efcc70:   0000000100000007 0000013bc76fe130
0x0000002b60efcc80:   0000013bc9de1fd0 0000013bc9de7f80
0x0000002b60efcc90:   0000013bc9de9fb8 00000000000b81f8
0x0000002b60efcca0:   0000013bc76fe140 0000000000006920
0x0000002b60efccb0:   00007ffc5f000000 0000000000000000
0x0000002b60efccc0:   0000002b60efcd80 00007ffc00000000
0x0000002b60efccd0:   0000013b00000000 00007ffc5edf5848
0x0000002b60efcce0:   0000000000000000 0000002b60efe570
0x0000002b60efccf0:   0000000000000000 00007ffc5edf5848
0x0000002b60efcd00:   0000013bc9ecf900 3ff02e091e8c3f7f
0x0000002b60efcd10:   000000000000000c 0000002b60efe570
0x0000002b60efcd20:   0000013bc99c17e0 0000013bf6768701
0x0000002b60efcd30:   0000013bcb1600b0 0000013b000005e7
0x0000002b60efcd40:   0000002b60efcc70 0000013bc76fe140
0x0000002b60efcd50:   00007ffc5edf5818 000000000000000d
0x0000002b60efcd60:   0000002b60efe570 0000002b60efd0c0
0x0000002b60efcd70:   0000013b000007de 0000000000000000
0x0000002b60efcd80:   0000002b0000000a 0000002b60efe570 

Instructions: (pc=0x00007ffc5e7d8d30)
0x00007ffc5e7d8c30:   48 8b 8e e0 08 00 00 48 85 c9 75 0c e8 2f 09 00
0x00007ffc5e7d8c40:   00 48 8b 8e e0 08 00 00 48 8b 01 0f 57 c0 48 89
0x00007ffc5e7d8c50:   86 e0 08 00 00 0f 11 01 0f 11 41 10 0f 10 45 00
0x00007ffc5e7d8c60:   0f 11 01 0f 10 4d 10 0f 11 49 10 48 8b 43 08 49
0x00007ffc5e7d8c70:   89 0c 06 48 8d 0d 1e 3a 89 00 ff c7 ba 70 00 00
0x00007ffc5e7d8c80:   00 3b bb 90 00 00 00 0f 82 63 ff ff ff 4c 8b 74
0x00007ffc5e7d8c90:   24 60 4c 8b 64 24 58 48 8b 6c 24 50 48 8b c3 48
0x00007ffc5e7d8ca0:   83 c4 20 41 5f 41 5d 5f 5e 5b c3 cc cc cc cc cc
0x00007ffc5e7d8cb0:   48 89 74 24 18 57 48 83 ec 20 8b 51 0c 48 8b f9
0x00007ffc5e7d8cc0:   83 fa 04 73 29 48 8b 49 18 0f 1f 80 00 00 00 00
0x00007ffc5e7d8cd0:   8b c2 44 8d 4a 01 48 83 3c c1 00 4c 8d 14 c1 0f
0x00007ffc5e7d8ce0:   85 91 00 00 00 41 8b d1 41 83 f9 04 72 e2 48 89
0x00007ffc5e7d8cf0:   5c 24 30 8b 5f 10 48 89 6c 24 38 3b 5f 14 73 5f
0x00007ffc5e7d8d00:   48 8d 2d 91 39 89 00 66 0f 1f 84 00 00 00 00 00
0x00007ffc5e7d8d10:   48 8b 47 20 8b cb 48 8b 14 c8 48 3b d5 74 39 33
0x00007ffc5e7d8d20:   c0 48 89 57 18 33 c9 66 0f 1f 84 00 00 00 00 00
0x00007ffc5e7d8d30:   48 83 3c 11 00 44 8d 48 01 75 78 48 83 c1 08 41
0x00007ffc5e7d8d40:   8b c1 41 83 f9 04 72 e8 48 8b 4f 28 48 85 c9 74
0x00007ffc5e7d8d50:   07 8b d3 e8 58 01 00 00 ff c3 3b 5f 14 72 b1 33
0x00007ffc5e7d8d60:   c0 48 8b 5c 24 30 48 8b 6c 24 38 48 8b 74 24 40
0x00007ffc5e7d8d70:   48 83 c4 20 5f c3 8b 47 10 48 8b 74 24 40 44 8d
0x00007ffc5e7d8d80:   04 82 41 c1 e0 06 41 81 c0 00 ff ff ff 44 89 47
0x00007ffc5e7d8d90:   08 49 8b 12 48 0f bc c2 44 89 4f 0c 8b c8 48 d3
0x00007ffc5e7d8da0:   ea 48 ff ca 41 03 c0 48 89 17 89 47 08 48 83 c4
0x00007ffc5e7d8db0:   20 5f c3 8b c8 44 8d 04 98 41 c1 e0 06 8d 43 01
0x00007ffc5e7d8dc0:   44 89 47 08 48 8b 14 ca 89 47 10 48 0f bc c2 44
0x00007ffc5e7d8dd0:   89 4f 0c 8b c8 48 d3 ea 48 ff ca 41 03 c0 48 89
0x00007ffc5e7d8de0:   17 89 47 08 e9 78 ff ff ff cc cc cc cc cc cc cc
0x00007ffc5e7d8df0:   40 53 48 83 ec 20 65 48 8b 04 25 58 00 00 00 8b
0x00007ffc5e7d8e00:   0d ef b1 8e 00 48 8b 1c c8 b8 70 00 00 00 80 3c
0x00007ffc5e7d8e10:   18 00 75 05 e8 5f 47 56 00 b8 20 00 00 00 48 8b
0x00007ffc5e7d8e20:   04 18 48 8b 88 70 06 00 00 48 8b 99 80 00 00 00 


Stack slot to memory mapping:

stack at sp + 0 slots: 0x00000000000005e2 is an unknown value
stack at sp + 1 slots: 0x00007ffc5e7d8e84 jvm.dll
stack at sp + 2 slots: 0x0000013bc8011fc0 points into unknown readable memory: 0xf0e0d0c00000000f | 0f 00 00 00 c0 d0 e0 f0
stack at sp + 3 slots: 0x0000013bf6768700 points into unknown readable memory: 0x0000000000000000 | 00 00 00 00 00 00 00 00
stack at sp + 4 slots: 0x0 is null
stack at sp + 5 slots: 0x00007ffc5e7d2008 jvm.dll
stack at sp + 6 slots: 0x00000000000001b9 is an unknown value
stack at sp + 7 slots: 0x0000000000000001 is an unknown value

Lock stack of current Java thread (top to bottom):


---------------  P R O C E S S  ---------------

Threads class SMR info:
_java_thread_list=0x0000013bc9b24200, length=47, elements={
0x0000013bd53d4cc0, 0x0000013bf6780cd0, 0x0000013bf6781da0, 0x0000013bf6788d00,
0x0000013bf6789910, 0x0000013bf678acc0, 0x0000013bf678e080, 0x0000013bf67924c0,
0x0000013bf6795c80, 0x0000013bc50bb4a0, 0x0000013bc51f8ef0, 0x0000013bc51f9560,
0x0000013bc70e8a40, 0x0000013bc7235180, 0x0000013bc72c0f40, 0x0000013bc75c71b0,
0x0000013bc75c8df0, 0x0000013bc66b6830, 0x0000013bc66b5b10, 0x0000013bc66b33b0,
0x0000013bc84b8650, 0x0000013bc84b7930, 0x0000013bc84b7fc0, 0x0000013bc84b9a00,
0x0000013bc84b72a0, 0x0000013bc84b3790, 0x0000013bc84ba090, 0x0000013bc84ba720,
0x0000013bc84badb0, 0x0000013bc84b5860, 0x0000013bc84b5ef0, 0x0000013bc84b3e20,
0x0000013bc84b44b0, 0x0000013bc84b4b40, 0x0000013bc84b51d0, 0x0000013bc66b40d0,
0x0000013bc786c8b0, 0x0000013bc8b6cc50, 0x0000013bc8b6e000, 0x0000013bc8b6d2e0,
0x0000013bc8b72ec0, 0x0000013bc8b71480, 0x0000013bc8b73550, 0x0000013bc8b6d970,
0x0000013bc8b721a0, 0x0000013bc8b6e690, 0x0000013bc8b70df0
}

Java Threads: ( => current thread )
  0x0000013bd53d4cc0 JavaThread "Forwarding findElements on session 5e28504d02d0d777dcf7c4fb467eb1d4 to remote"        [_thread_blocked, id=34112, stack(0x0000002b60000000,0x0000002b60100000) (1024K)]
  0x0000013bf6780cd0 JavaThread "Reference Handler"          daemon [_thread_blocked, id=20872, stack(0x0000002b60800000,0x0000002b60900000) (1024K)]
  0x0000013bf6781da0 JavaThread "Finalizer"                  daemon [_thread_blocked, id=8148, stack(0x0000002b60900000,0x0000002b60a00000) (1024K)]
  0x0000013bf6788d00 JavaThread "Signal Dispatcher"          daemon [_thread_blocked, id=35312, stack(0x0000002b60a00000,0x0000002b60b00000) (1024K)]
  0x0000013bf6789910 JavaThread "Attach Listener"            daemon [_thread_blocked, id=36180, stack(0x0000002b60b00000,0x0000002b60c00000) (1024K)]
  0x0000013bf678acc0 JavaThread "Service Thread"             daemon [_thread_blocked, id=27572, stack(0x0000002b60c00000,0x0000002b60d00000) (1024K)]
  0x0000013bf678e080 JavaThread "Monitor Deflation Thread"   daemon [_thread_blocked, id=36712, stack(0x0000002b60d00000,0x0000002b60e00000) (1024K)]
=>0x0000013bf67924c0 JavaThread "C2 CompilerThread0"         daemon [_thread_in_native, id=26912, stack(0x0000002b60e00000,0x0000002b60f00000) (1024K)]
  0x0000013bf6795c80 JavaThread "C1 CompilerThread0"         daemon [_thread_blocked, id=21316, stack(0x0000002b60f00000,0x0000002b61000000) (1024K)]
  0x0000013bc50bb4a0 JavaThread "Common-Cleaner"             daemon [_thread_blocked, id=10076, stack(0x0000002b61000000,0x0000002b61100000) (1024K)]
  0x0000013bc51f8ef0 JavaThread "Monitor Ctrl-Break"         daemon [_thread_in_native, id=36328, stack(0x0000002b61200000,0x0000002b61300000) (1024K)]
  0x0000013bc51f9560 JavaThread "Notification Thread"        daemon [_thread_blocked, id=35740, stack(0x0000002b61300000,0x0000002b61400000) (1024K)]
  0x0000013bc70e8a40 JavaThread "Thread-0"                   daemon [_thread_blocked, id=8128, stack(0x0000002b61900000,0x0000002b61a00000) (1024K)]
  0x0000013bc7235180 JavaThread "ForkJoinPool-1-worker-1"    daemon [_thread_blocked, id=29256, stack(0x0000002b61a00000,0x0000002b61b00000) (1024K)]
  0x0000013bc72c0f40 JavaThread "ForkJoinPool-1-worker-2"    daemon [_thread_blocked, id=36264, stack(0x0000002b61b00000,0x0000002b61c00000) (1024K)]
  0x0000013bc75c71b0 JavaThread "ForkJoinPool-1-worker-3"    daemon [_thread_blocked, id=28948, stack(0x0000002b61d00000,0x0000002b61e00000) (1024K)]
  0x0000013bc75c8df0 JavaThread "ForkJoinPool-1-worker-4"    daemon [_thread_blocked, id=15140, stack(0x0000002b61e00000,0x0000002b61f00000) (1024K)]
  0x0000013bc66b6830 JavaThread "RxSchedulerPurge-1"         daemon [_thread_blocked, id=34576, stack(0x0000002b61f00000,0x0000002b62000000) (1024K)]
  0x0000013bc66b5b10 JavaThread "RxCachedWorkerPoolEvictor-1" daemon [_thread_blocked, id=19816, stack(0x0000002b62000000,0x0000002b62100000) (1024K)]
  0x0000013bc66b33b0 JavaThread "ForkJoinPool.commonPool-worker-1" daemon [_thread_blocked, id=26488, stack(0x0000002b62100000,0x0000002b62200000) (1024K)]
  0x0000013bc84b8650 JavaThread "ForkJoinPool.commonPool-worker-2" daemon [_thread_blocked, id=29636, stack(0x0000002b62200000,0x0000002b62300000) (1024K)]
  0x0000013bc84b7930 JavaThread "Java2D Disposer"            daemon [_thread_blocked, id=31844, stack(0x0000002b62300000,0x0000002b62400000) (1024K)]
  0x0000013bc84b7fc0 JavaThread "AWT-Windows"                daemon [_thread_in_native, id=7428, stack(0x0000002b62500000,0x0000002b62600000) (1024K)]
  0x0000013bc84b9a00 JavaThread "Read-Poller"                daemon [_thread_in_native, id=15704, stack(0x0000002b62800000,0x0000002b62900000) (1024K)]
  0x0000013bc84b72a0 JavaThread "Write-Poller"               daemon [_thread_in_native, id=30752, stack(0x0000002b62900000,0x0000002b62a00000) (1024K)]
  0x0000013bc84b3790 JavaThread "HttpClient-1-SelectorManager" daemon [_thread_in_native, id=36812, stack(0x0000002b62600000,0x0000002b62700000) (1024K)]
  0x0000013bc84ba090 JavaThread "External Process Output Forwarder - C:\Users\Hatem Mamdouh\.cache\selenium\chromedriver\win64\136.0.7103.92\chromedriver.exe" daemon [_thread_in_native, id=18068, stack(0x0000002b62a00000,0x0000002b62b00000) (1024K)]
  0x0000013bc84ba720 JavaThread "Driver Service Executor"    daemon [_thread_blocked, id=31756, stack(0x0000002b62b00000,0x0000002b62c00000) (1024K)]
  0x0000013bc84badb0 JavaThread "Driver Service Executor"    daemon [_thread_in_native, id=3988, stack(0x0000002b62c00000,0x0000002b62d00000) (1024K)]
  0x0000013bc84b5860 JavaThread "UrlChecker-2"               daemon [_thread_blocked, id=27808, stack(0x0000002b62d00000,0x0000002b62e00000) (1024K)]
  0x0000013bc84b5ef0 JavaThread "Keep-Alive-Timer"           daemon [_thread_blocked, id=30552, stack(0x0000002b62e00000,0x0000002b62f00000) (1024K)]
  0x0000013bc84b3e20 JavaThread "JdkHttpClient-0-0"          daemon [_thread_blocked, id=2384, stack(0x0000002b62f00000,0x0000002b63000000) (1024K)]
  0x0000013bc84b44b0 JavaThread "CompletableFutureDelayScheduler" daemon [_thread_blocked, id=33608, stack(0x0000002b63000000,0x0000002b63100000) (1024K)]
  0x0000013bc84b4b40 JavaThread "JdkHttpClient-0-1"          daemon [_thread_blocked, id=28392, stack(0x0000002b63100000,0x0000002b63200000) (1024K)]
  0x0000013bc84b51d0 JavaThread "JdkHttpClient-0-2"          daemon [_thread_blocked, id=25800, stack(0x0000002b63200000,0x0000002b63300000) (1024K)]
  0x0000013bc66b40d0 JavaThread "JdkHttpClient-0-3"          daemon [_thread_blocked, id=21544, stack(0x0000002b63300000,0x0000002b63400000) (1024K)]
  0x0000013bc786c8b0 JavaThread "C2 CompilerThread1"         daemon [_thread_blocked, id=35396, stack(0x0000002b61100000,0x0000002b61200000) (1024K)]
  0x0000013bc8b6cc50 JavaThread "HttpClient-2-SelectorManager" daemon [_thread_in_native, id=6404, stack(0x0000002b62400000,0x0000002b62500000) (1024K)]
  0x0000013bc8b6e000 JavaThread "JdkHttpClient-1-0"          daemon [_thread_blocked, id=25588, stack(0x0000002b63400000,0x0000002b63500000) (1024K)]
  0x0000013bc8b6d2e0 JavaThread "JdkHttpClient-1-1"          daemon [_thread_blocked, id=27388, stack(0x0000002b63500000,0x0000002b63600000) (1024K)]
  0x0000013bc8b72ec0 JavaThread "HttpClient-3-SelectorManager" daemon [_thread_in_native, id=31836, stack(0x0000002b63600000,0x0000002b63700000) (1024K)]
  0x0000013bc8b71480 JavaThread "JdkHttpClient-2-0"          daemon [_thread_blocked, id=26864, stack(0x0000002b63700000,0x0000002b63800000) (1024K)]
  0x0000013bc8b73550 JavaThread "JdkHttpClient-2-1"          daemon [_thread_blocked, id=320, stack(0x0000002b63800000,0x0000002b63900000) (1024K)]
  0x0000013bc8b6d970 JavaThread "JdkHttpClient-2-2"          daemon [_thread_blocked, id=32672, stack(0x0000002b63900000,0x0000002b63a00000) (1024K)]
  0x0000013bc8b721a0 JavaThread "ForkJoinPool-1-worker-5"    daemon [_thread_blocked, id=12688, stack(0x0000002b63a00000,0x0000002b63b00000) (1024K)]
  0x0000013bc8b6e690 JavaThread "ForkJoinPool-1-worker-6"    daemon [_thread_blocked, id=34652, stack(0x0000002b63b00000,0x0000002b63c00000) (1024K)]
  0x0000013bc8b70df0 JavaThread "BiDi Connection"            daemon [_thread_blocked, id=28100, stack(0x0000002b63c00000,0x0000002b63d00000) (1024K)]
Total: 47

Other Threads:
  0x0000013bf6767850 VMThread "VM Thread"                           [id=1908, stack(0x0000002b60700000,0x0000002b60800000) (1024K)]
  0x0000013bf6755130 WatcherThread "VM Periodic Task Thread"        [id=32936, stack(0x0000002b60600000,0x0000002b60700000) (1024K)]
  0x0000013bd7700a70 WorkerThread "GC Thread#0"                     [id=31536, stack(0x0000002b60100000,0x0000002b60200000) (1024K)]
  0x0000013bc6211b90 WorkerThread "GC Thread#1"                     [id=20404, stack(0x0000002b61400000,0x0000002b61500000) (1024K)]
  0x0000013bc69ac5e0 WorkerThread "GC Thread#2"                     [id=27192, stack(0x0000002b61500000,0x0000002b61600000) (1024K)]
  0x0000013bc69ac990 WorkerThread "GC Thread#3"                     [id=29884, stack(0x0000002b61600000,0x0000002b61700000) (1024K)]
  0x0000013bc69acd40 WorkerThread "GC Thread#4"                     [id=21792, stack(0x0000002b61700000,0x0000002b61800000) (1024K)]
  0x0000013bc64dabd0 WorkerThread "GC Thread#5"                     [id=8696, stack(0x0000002b61800000,0x0000002b61900000) (1024K)]
  0x0000013bd7715720 ConcurrentGCThread "G1 Main Marker"            [id=21628, stack(0x0000002b60200000,0x0000002b60300000) (1024K)]
  0x0000013bd77168e0 WorkerThread "G1 Conc#0"                       [id=25836, stack(0x0000002b60300000,0x0000002b60400000) (1024K)]
  0x0000013bc6e0f700 WorkerThread "G1 Conc#1"                       [id=15264, stack(0x0000002b61c00000,0x0000002b61d00000) (1024K)]
  0x0000013bd775e3f0 ConcurrentGCThread "G1 Refine#0"               [id=32208, stack(0x0000002b60400000,0x0000002b60500000) (1024K)]
  0x0000013bf662a130 ConcurrentGCThread "G1 Service"                [id=36680, stack(0x0000002b60500000,0x0000002b60600000) (1024K)]
Total: 13

Threads with active compile tasks:
C2 CompilerThread0  4820 5792   !   4       java.util.concurrent.ConcurrentHashMap::putVal (432 bytes)
Total: 1

VM state: not at safepoint (normal execution)

VM Mutex/Monitor currently owned by a thread: None

Heap address: 0x0000000703800000, size: 4040 MB, Compressed Oops mode: Zero based, Oop shift amount: 3

CDS archive(s) mapped at: [0x0000013b80000000-0x0000013b80d70000-0x0000013b80d70000), size 14090240, SharedBaseAddress: 0x0000013b80000000, ArchiveRelocationMode: 1.
Compressed class space mapped at: 0x0000013b81000000-0x0000013bc1000000, reserved size: 1073741824
Narrow klass base: 0x0000013b80000000, Narrow klass shift: 0, Narrow klass range: 0x41000000

GC Precious Log:
 CardTable entry size: 512
 Card Set container configuration: InlinePtr #cards 4 size 8 Array Of Cards #cards 16 size 48 Howl #buckets 8 coarsen threshold 3686 Howl Bitmap #cards 512 size 80 coarsen threshold 460 Card regions per heap region 1 cards per card region 4096
 CPUs: 6 total, 6 available
 Memory: 16158M
 Large Page Support: Disabled
 NUMA Support: Disabled
 Compressed Oops: Enabled (Zero based)
 Heap Region Size: 2M
 Heap Min Capacity: 8M
 Heap Initial Capacity: 254M
 Heap Max Capacity: 4040M
 Pre-touch: Disabled
 Parallel Workers: 6
 Concurrent Workers: 2
 Concurrent Refinement Workers: 6
 Periodic GC: Disabled

Heap:
 garbage-first heap   total reserved 4136960K, committed 81920K, used 41563K [0x0000000703800000, 0x0000000800000000)
  region size 2048K, 3 young (6144K), 2 survivors (4096K)
 Metaspace       used 53598K, committed 54592K, reserved 1114112K
  class space    used 6625K, committed 7040K, reserved 1048576K

Heap Regions: E=young(eden), S=young(survivor), O=old, HS=humongous(starts), HC=humongous(continues), CS=collection set, F=free, TAMS=top-at-mark-start, PB=parsable bottom
|   0|0x0000000703800000, 0x0000000703a00000, 0x0000000703a00000|100%| O|  |TAMS 0x0000000703800000| PB 0x0000000703800000| Untracked |  0
|   1|0x0000000703a00000, 0x0000000703c00000, 0x0000000703c00000|100%| O|  |TAMS 0x0000000703a00000| PB 0x0000000703a00000| Untracked |  0
|   2|0x0000000703c00000, 0x0000000703e00000, 0x0000000703e00000|100%| O|  |TAMS 0x0000000703c00000| PB 0x0000000703c00000| Untracked |  0
|   3|0x0000000703e00000, 0x0000000704000000, 0x0000000704000000|100%| O|  |TAMS 0x0000000703e00000| PB 0x0000000703e00000| Untracked |  0
|   4|0x0000000704000000, 0x0000000704200000, 0x0000000704200000|100%| O|  |TAMS 0x0000000704000000| PB 0x0000000704000000| Untracked |  0
|   5|0x0000000704200000, 0x0000000704400000, 0x0000000704400000|100%| O|  |TAMS 0x0000000704200000| PB 0x0000000704200000| Untracked |  0
|   6|0x0000000704400000, 0x0000000704600000, 0x0000000704600000|100%| O|  |TAMS 0x0000000704400000| PB 0x0000000704400000| Untracked |  0
|   7|0x0000000704600000, 0x0000000704800000, 0x0000000704800000|100%| O|  |TAMS 0x0000000704600000| PB 0x0000000704600000| Untracked |  0
|   8|0x0000000704800000, 0x0000000704a00000, 0x0000000704a00000|100%| O|  |TAMS 0x0000000704800000| PB 0x0000000704800000| Untracked |  0
|   9|0x0000000704a00000, 0x0000000704c00000, 0x0000000704c00000|100%| O|  |TAMS 0x0000000704a00000| PB 0x0000000704a00000| Untracked |  0
|  10|0x0000000704c00000, 0x0000000704e00000, 0x0000000704e00000|100%| O|  |TAMS 0x0000000704c00000| PB 0x0000000704c00000| Untracked |  0
|  11|0x0000000704e00000, 0x0000000705000000, 0x0000000705000000|100%| O|  |TAMS 0x0000000704e00000| PB 0x0000000704e00000| Untracked |  0
|  12|0x0000000705000000, 0x0000000705200000, 0x0000000705200000|100%| O|  |TAMS 0x0000000705000000| PB 0x0000000705000000| Untracked |  0
|  13|0x0000000705200000, 0x0000000705400000, 0x0000000705400000|100%| O|  |TAMS 0x0000000705200000| PB 0x0000000705200000| Untracked |  0
|  14|0x0000000705400000, 0x0000000705600000, 0x0000000705600000|100%| O|  |TAMS 0x0000000705400000| PB 0x0000000705400000| Untracked |  0
|  15|0x0000000705600000, 0x0000000705800000, 0x0000000705800000|100%| O|  |TAMS 0x0000000705600000| PB 0x0000000705600000| Untracked |  0
|  16|0x0000000705800000, 0x0000000705a00000, 0x0000000705a00000|100%| O|  |TAMS 0x0000000705800000| PB 0x0000000705800000| Untracked |  0
|  17|0x0000000705a00000, 0x0000000705c00000, 0x0000000705c00000|100%| O|  |TAMS 0x0000000705a00000| PB 0x0000000705a00000| Untracked |  0
|  18|0x0000000705c00000, 0x0000000705d97eb0, 0x0000000705e00000| 79%| O|  |TAMS 0x0000000705c00000| PB 0x0000000705c00000| Untracked |  0
|  19|0x0000000705e00000, 0x0000000705e00000, 0x0000000706000000|  0%| F|  |TAMS 0x0000000705e00000| PB 0x0000000705e00000| Untracked |  0
|  20|0x0000000706000000, 0x0000000706000000, 0x0000000706200000|  0%| F|  |TAMS 0x0000000706000000| PB 0x0000000706000000| Untracked |  0
|  21|0x0000000706200000, 0x00000007062fedb0, 0x0000000706400000| 49%| S|CS|TAMS 0x0000000706200000| PB 0x0000000706200000| Complete |  0
|  22|0x0000000706400000, 0x0000000706400000, 0x0000000706600000|  0%| F|  |TAMS 0x0000000706400000| PB 0x0000000706400000| Untracked |  0
|  23|0x0000000706600000, 0x0000000706600000, 0x0000000706800000|  0%| F|  |TAMS 0x0000000706600000| PB 0x0000000706600000| Untracked |  0
|  24|0x0000000706800000, 0x0000000706800000, 0x0000000706a00000|  0%| F|  |TAMS 0x0000000706800000| PB 0x0000000706800000| Untracked |  0
|  25|0x0000000706a00000, 0x0000000706c00000, 0x0000000706c00000|100%| S|CS|TAMS 0x0000000706a00000| PB 0x0000000706a00000| Complete |  0
|  26|0x0000000706c00000, 0x0000000706c00000, 0x0000000706e00000|  0%| F|  |TAMS 0x0000000706c00000| PB 0x0000000706c00000| Untracked |  0
|  27|0x0000000706e00000, 0x0000000706e00000, 0x0000000707000000|  0%| F|  |TAMS 0x0000000706e00000| PB 0x0000000706e00000| Untracked |  0
|  28|0x0000000707000000, 0x0000000707000000, 0x0000000707200000|  0%| F|  |TAMS 0x0000000707000000| PB 0x0000000707000000| Untracked |  0
|  29|0x0000000707200000, 0x0000000707200000, 0x0000000707400000|  0%| F|  |TAMS 0x0000000707200000| PB 0x0000000707200000| Untracked |  0
|  30|0x0000000707400000, 0x0000000707400000, 0x0000000707600000|  0%| F|  |TAMS 0x0000000707400000| PB 0x0000000707400000| Untracked |  0
|  31|0x0000000707600000, 0x0000000707600000, 0x0000000707800000|  0%| F|  |TAMS 0x0000000707600000| PB 0x0000000707600000| Untracked |  0
|  32|0x0000000707800000, 0x0000000707800000, 0x0000000707a00000|  0%| F|  |TAMS 0x0000000707800000| PB 0x0000000707800000| Untracked |  0
|  33|0x0000000707a00000, 0x0000000707a00000, 0x0000000707c00000|  0%| F|  |TAMS 0x0000000707a00000| PB 0x0000000707a00000| Untracked |  0
|  34|0x0000000707c00000, 0x0000000707c00000, 0x0000000707e00000|  0%| F|  |TAMS 0x0000000707c00000| PB 0x0000000707c00000| Untracked |  0
|  35|0x0000000707e00000, 0x0000000707e00000, 0x0000000708000000|  0%| F|  |TAMS 0x0000000707e00000| PB 0x0000000707e00000| Untracked |  0
|  97|0x000000070fa00000, 0x000000070fa00000, 0x000000070fc00000|  0%| F|  |TAMS 0x000000070fa00000| PB 0x000000070fa00000| Untracked |  0
| 123|0x0000000712e00000, 0x0000000712e00000, 0x0000000713000000|  0%| F|  |TAMS 0x0000000712e00000| PB 0x0000000712e00000| Untracked |  0
| 125|0x0000000713200000, 0x0000000713200000, 0x0000000713400000|  0%| F|  |TAMS 0x0000000713200000| PB 0x0000000713200000| Untracked |  0
| 126|0x0000000713400000, 0x0000000713593b50, 0x0000000713600000| 78%| E|  |TAMS 0x0000000713400000| PB 0x0000000713400000| Complete |  0

Card table byte_map: [0x0000013bef7e0000,0x0000013beffd0000] _byte_map_base: 0x0000013bebfc4000

Marking Bits: (CMBitMap*) 0x0000013bd7701090
 Bits: [0x0000013beffd0000, 0x0000013bf3ef0000)

Polling page: 0x0000013bd6e60000

Metaspace:

Usage:
  Non-class:     45.87 MB used.
      Class:      6.47 MB used.
       Both:     52.34 MB used.

Virtual space:
  Non-class space:       64.00 MB reserved,      46.44 MB ( 73%) committed,  1 nodes.
      Class space:        1.00 GB reserved,       6.88 MB ( <1%) committed,  1 nodes.
             Both:        1.06 GB reserved,      53.31 MB (  5%) committed. 

Chunk freelists:
   Non-Class:  1.15 MB
       Class:  8.94 MB
        Both:  10.09 MB

MaxMetaspaceSize: unlimited
CompressedClassSpaceSize: 1.00 GB
Initial GC threshold: 21.00 MB
Current GC threshold: 59.06 MB
CDS: on
 - commit_granule_bytes: 65536.
 - commit_granule_words: 8192.
 - virtual_space_node_default_size: 8388608.
 - enlarge_chunks_in_place: 1.
 - use_allocation_guard: 0.


Internal statistics:

num_allocs_failed_limit: 8.
num_arena_births: 1182.
num_arena_deaths: 2.
num_vsnodes_births: 2.
num_vsnodes_deaths: 0.
num_space_committed: 853.
num_space_uncommitted: 0.
num_chunks_returned_to_freelist: 11.
num_chunks_taken_from_freelist: 3012.
num_chunk_merges: 8.
num_chunk_splits: 1922.
num_chunks_enlarged: 1240.
num_inconsistent_stats: 0.

CodeHeap 'non-profiled nmethods': size=120064Kb used=2157Kb max_used=2157Kb free=117906Kb
 bounds [0x0000013be7890000, 0x0000013be7b00000, 0x0000013beedd0000]
CodeHeap 'profiled nmethods': size=120000Kb used=8345Kb max_used=8345Kb free=111654Kb
 bounds [0x0000013bdfdd0000, 0x0000013be0600000, 0x0000013be7300000]
CodeHeap 'non-nmethods': size=5696Kb used=2979Kb max_used=3041Kb free=2716Kb
 bounds [0x0000013be7300000, 0x0000013be7610000, 0x0000013be7890000]
CodeCache: size=245760Kb, used=13481Kb, max_used=13543Kb, free=232276Kb
 total_blobs=6610, nmethods=5522, adapters=993, full_count=0
Compilation: enabled, stopped_count=0, restarted_count=0

Compilation events (20 events):
Event: 4.478 Thread 0x0000013bf6795c80 5801       3       org.codehaus.groovy.ast.ClassNode::getName (8 bytes)
Event: 4.478 Thread 0x0000013bf6795c80 nmethod 5801 0x0000013be05cc188 code [0x0000013be05cc2c0, 0x0000013be05cc6f0]
Event: 4.487 Thread 0x0000013bf6795c80 5802       1       org.testng.internal.IObject$IdentifiableObject::getInstance (5 bytes)
Event: 4.487 Thread 0x0000013bf6795c80 nmethod 5802 0x0000013be7a96408 code [0x0000013be7a96520, 0x0000013be7a965f0]
Event: 4.496 Thread 0x0000013bf67924c0 nmethod 5791 0x0000013be7a96708 code [0x0000013be7a968a0, 0x0000013be7a98138]
Event: 4.496 Thread 0x0000013bf67924c0 5792   !   4       java.util.concurrent.ConcurrentHashMap::putVal (432 bytes)
Event: 4.518 Thread 0x0000013bf6795c80 5803       3       java.util.Collections::unmodifiableList (51 bytes)
Event: 4.518 Thread 0x0000013bf6795c80 nmethod 5803 0x0000013be05cc788 code [0x0000013be05cc960, 0x0000013be05cd488]
Event: 4.532 Thread 0x0000013bf6795c80 5805       3       java.lang.ClassLoader::definePackage (53 bytes)
Event: 4.532 Thread 0x0000013bf6795c80 nmethod 5805 0x0000013be05cd508 code [0x0000013be05cd680, 0x0000013be05cdc60]
Event: 4.534 Thread 0x0000013bf6795c80 5806       3       java.util.stream.AbstractPipeline::sourceStageSpliterator (94 bytes)
Event: 4.534 Thread 0x0000013bf6795c80 nmethod 5806 0x0000013be05cdc88 code [0x0000013be05cde20, 0x0000013be05ce498]
Event: 4.534 Thread 0x0000013bf6795c80 5807       3       org.codehaus.groovy.ast.ClassNode::<init> (140 bytes)
Event: 4.535 Thread 0x0000013bf6795c80 nmethod 5807 0x0000013be05ce508 code [0x0000013be05ce780, 0x0000013be05cfb10]
Event: 4.535 Thread 0x0000013bf6795c80 5809       3       java.lang.StringBuilder::append (8 bytes)
Event: 4.535 Thread 0x0000013bf6795c80 nmethod 5809 0x0000013be05cfc08 code [0x0000013be05cfd20, 0x0000013be05cfe70]
Event: 4.535 Thread 0x0000013bf6795c80 5808       3       org.codehaus.groovy.ast.ClassNode$MapOfLists::<init> (5 bytes)
Event: 4.535 Thread 0x0000013bf6795c80 nmethod 5808 0x0000013be05cff08 code [0x0000013be05d0020, 0x0000013be05d01e8]
Event: 4.547 Thread 0x0000013bf6795c80 5810       3       java.lang.Integer::stringSize (47 bytes)
Event: 4.547 Thread 0x0000013bf6795c80 nmethod 5810 0x0000013be05d0288 code [0x0000013be05d03c0, 0x0000013be05d05f8]

GC Heap History (16 events):
Event: 0.409 GC heap before
{Heap before GC invocations=0 (full 0):
 garbage-first heap   total reserved 4136960K, committed 260096K, used 20480K [0x0000000703800000, 0x0000000800000000)
  region size 2048K, 11 young (22528K), 0 survivors (0K)
 Metaspace       used 2206K, committed 2368K, reserved 1114112K
  class space    used 177K, committed 256K, reserved 1048576K
}
Event: 0.413 GC heap after
{Heap after GC invocations=1 (full 0):
 garbage-first heap   total reserved 4136960K, committed 260096K, used 12918K [0x0000000703800000, 0x0000000800000000)
  region size 2048K, 2 young (4096K), 2 survivors (4096K)
 Metaspace       used 2206K, committed 2368K, reserved 1114112K
  class space    used 177K, committed 256K, reserved 1048576K
}
Event: 0.701 GC heap before
{Heap before GC invocations=1 (full 0):
 garbage-first heap   total reserved 4136960K, committed 260096K, used 25206K [0x0000000703800000, 0x0000000800000000)
  region size 2048K, 8 young (16384K), 2 survivors (4096K)
 Metaspace       used 5485K, committed 5696K, reserved 1114112K
  class space    used 644K, committed 768K, reserved 1048576K
}
Event: 0.703 GC heap after
{Heap after GC invocations=2 (full 0):
 garbage-first heap   total reserved 4136960K, committed 260096K, used 13767K [0x0000000703800000, 0x0000000800000000)
  region size 2048K, 1 young (2048K), 1 survivors (2048K)
 Metaspace       used 5485K, committed 5696K, reserved 1114112K
  class space    used 644K, committed 768K, reserved 1048576K
}
Event: 1.632 GC heap before
{Heap before GC invocations=2 (full 0):
 garbage-first heap   total reserved 4136960K, committed 260096K, used 67015K [0x0000000703800000, 0x0000000800000000)
  region size 2048K, 28 young (57344K), 1 survivors (2048K)
 Metaspace       used 19929K, committed 20288K, reserved 1114112K
  class space    used 2224K, committed 2368K, reserved 1048576K
}
Event: 1.636 GC heap after
{Heap after GC invocations=3 (full 0):
 garbage-first heap   total reserved 4136960K, committed 260096K, used 18481K [0x0000000703800000, 0x0000000800000000)
  region size 2048K, 3 young (6144K), 3 survivors (6144K)
 Metaspace       used 19929K, committed 20288K, reserved 1114112K
  class space    used 2224K, committed 2368K, reserved 1048576K
}
Event: 1.672 GC heap before
{Heap before GC invocations=3 (full 0):
 garbage-first heap   total reserved 4136960K, committed 260096K, used 20529K [0x0000000703800000, 0x0000000800000000)
  region size 2048K, 6 young (12288K), 3 survivors (6144K)
 Metaspace       used 21263K, committed 21504K, reserved 1114112K
  class space    used 2325K, committed 2432K, reserved 1048576K
}
Event: 1.676 GC heap after
{Heap after GC invocations=4 (full 0):
 garbage-first heap   total reserved 4136960K, committed 260096K, used 22655K [0x0000000703800000, 0x0000000800000000)
  region size 2048K, 1 young (2048K), 1 survivors (2048K)
 Metaspace       used 21263K, committed 21504K, reserved 1114112K
  class space    used 2325K, committed 2432K, reserved 1048576K
}
Event: 2.171 GC heap before
{Heap before GC invocations=5 (full 0):
 garbage-first heap   total reserved 4136960K, committed 81920K, used 69759K [0x0000000703800000, 0x0000000800000000)
  region size 2048K, 24 young (49152K), 1 survivors (2048K)
 Metaspace       used 31905K, committed 32320K, reserved 1114112K
  class space    used 3382K, committed 3584K, reserved 1048576K
}
Event: 2.177 GC heap after
{Heap after GC invocations=6 (full 0):
 garbage-first heap   total reserved 4136960K, committed 81920K, used 25434K [0x0000000703800000, 0x0000000800000000)
  region size 2048K, 3 young (6144K), 3 survivors (6144K)
 Metaspace       used 31905K, committed 32320K, reserved 1114112K
  class space    used 3382K, committed 3584K, reserved 1048576K
}
Event: 2.371 GC heap before
{Heap before GC invocations=6 (full 0):
 garbage-first heap   total reserved 4136960K, committed 81920K, used 45914K [0x0000000703800000, 0x0000000800000000)
  region size 2048K, 14 young (28672K), 3 survivors (6144K)
 Metaspace       used 35457K, committed 35968K, reserved 1114112K
  class space    used 3931K, committed 4160K, reserved 1048576K
}
Event: 2.379 GC heap after
{Heap after GC invocations=7 (full 0):
 garbage-first heap   total reserved 4136960K, committed 81920K, used 28713K [0x0000000703800000, 0x0000000800000000)
  region size 2048K, 2 young (4096K), 2 survivors (4096K)
 Metaspace       used 35457K, committed 35968K, reserved 1114112K
  class space    used 3931K, committed 4160K, reserved 1048576K
}
Event: 2.607 GC heap before
{Heap before GC invocations=8 (full 0):
 garbage-first heap   total reserved 4136960K, committed 81920K, used 61481K [0x0000000703800000, 0x0000000800000000)
  region size 2048K, 18 young (36864K), 2 survivors (4096K)
 Metaspace       used 38702K, committed 39424K, reserved 1114112K
  class space    used 4337K, committed 4672K, reserved 1048576K
}
Event: 2.611 GC heap after
{Heap after GC invocations=9 (full 0):
 garbage-first heap   total reserved 4136960K, committed 81920K, used 32532K [0x0000000703800000, 0x0000000800000000)
  region size 2048K, 3 young (6144K), 3 survivors (6144K)
 Metaspace       used 38702K, committed 39424K, reserved 1114112K
  class space    used 4337K, committed 4672K, reserved 1048576K
}
Event: 3.975 GC heap before
{Heap before GC invocations=9 (full 0):
 garbage-first heap   total reserved 4136960K, committed 81920K, used 63252K [0x0000000703800000, 0x0000000800000000)
  region size 2048K, 18 young (36864K), 3 survivors (6144K)
 Metaspace       used 47281K, committed 48192K, reserved 1114112K
  class space    used 5624K, committed 6016K, reserved 1048576K
}
Event: 3.988 GC heap after
{Heap after GC invocations=10 (full 0):
 garbage-first heap   total reserved 4136960K, committed 81920K, used 38060K [0x0000000703800000, 0x0000000800000000)
  region size 2048K, 3 young (6144K), 3 survivors (6144K)
 Metaspace       used 47281K, committed 48192K, reserved 1114112K
  class space    used 5624K, committed 6016K, reserved 1048576K
}

Dll operation events (16 events):
Event: 0.010 Loaded shared library C:\Users\Hatem Mamdouh\.jdks\openjdk-23.0.2\bin\java.dll
Event: 0.040 Loaded shared library C:\Users\Hatem Mamdouh\.jdks\openjdk-23.0.2\bin\jsvml.dll
Event: 0.078 Loaded shared library C:\Users\Hatem Mamdouh\.jdks\openjdk-23.0.2\bin\zip.dll
Event: 0.080 Loaded shared library C:\Users\Hatem Mamdouh\.jdks\openjdk-23.0.2\bin\instrument.dll
Event: 0.084 Loaded shared library C:\Users\Hatem Mamdouh\.jdks\openjdk-23.0.2\bin\net.dll
Event: 0.086 Loaded shared library C:\Users\Hatem Mamdouh\.jdks\openjdk-23.0.2\bin\nio.dll
Event: 0.098 Loaded shared library C:\Users\Hatem Mamdouh\.jdks\openjdk-23.0.2\bin\zip.dll
Event: 0.116 Loaded shared library C:\Program Files\JetBrains\IntelliJ IDEA Community Edition 2024.2.4\bin\breakgen64.dll
Event: 0.124 Loaded shared library C:\Users\Hatem Mamdouh\.jdks\openjdk-23.0.2\bin\extnet.dll
Event: 0.316 Loaded shared library C:\Users\Hatem Mamdouh\.jdks\openjdk-23.0.2\bin\jimage.dll
Event: 0.639 Loaded shared library C:\Users\Hatem Mamdouh\.jdks\openjdk-23.0.2\bin\management.dll
Event: 0.643 Loaded shared library C:\Users\Hatem Mamdouh\.jdks\openjdk-23.0.2\bin\management_ext.dll
Event: 1.589 Loaded shared library C:\Users\Hatem Mamdouh\.jdks\openjdk-23.0.2\bin\verify.dll
Event: 1.863 Loaded shared library C:\Users\Hatem Mamdouh\.jdks\openjdk-23.0.2\bin\sunmscapi.dll
Event: 2.158 Loaded shared library C:\Users\Hatem Mamdouh\AppData\Local\Temp\opencv_openpnp272252876114687721\nu\pattern\opencv\windows\x86_64\opencv_java490.dll
Event: 2.424 Loaded shared library C:\Users\Hatem Mamdouh\.jdks\openjdk-23.0.2\bin\awt.dll

Deoptimization events (20 events):
Event: 4.383 Thread 0x0000013bc7235180 DEOPT PACKING pc=0x0000013be7a8785c sp=0x0000002b61afc340
Event: 4.383 Thread 0x0000013bc7235180 DEOPT UNPACKING pc=0x0000013be7354402 sp=0x0000002b61afc258 mode 2
Event: 4.383 Thread 0x0000013bc7235180 Uncommon trap: trap_request=0xffffff45 fr.pc=0x0000013be7a8895c relative=0x00000000000007bc
Event: 4.383 Thread 0x0000013bc7235180 Uncommon trap: reason=unstable_if action=reinterpret pc=0x0000013be7a8895c method=java.util.HashMap.putVal(ILjava/lang/Object;Ljava/lang/Object;ZZ)Ljava/lang/Object; @ 109 c2
Event: 4.383 Thread 0x0000013bc7235180 DEOPT PACKING pc=0x0000013be7a8895c sp=0x0000002b61afc290
Event: 4.383 Thread 0x0000013bc7235180 DEOPT UNPACKING pc=0x0000013be7354402 sp=0x0000002b61afc248 mode 2
Event: 4.399 Thread 0x0000013bc7235180 Uncommon trap: trap_request=0xffffff45 fr.pc=0x0000013be7a8e65c relative=0x000000000000183c
Event: 4.399 Thread 0x0000013bc7235180 Uncommon trap: reason=unstable_if action=reinterpret pc=0x0000013be7a8e65c method=groovyjarjarantlr4.v4.runtime.atn.ParserATNSimulator.closure(Lgroovyjarjarantlr4/v4/runtime/atn/ATNConfig;Lgroovyjarjarantlr4/v4/runtime/atn/ATNConfigSet;Lgroovyjarjarantlr4
Event: 4.399 Thread 0x0000013bc7235180 DEOPT PACKING pc=0x0000013be7a8e65c sp=0x0000002b61af5b00
Event: 4.400 Thread 0x0000013bc7235180 DEOPT UNPACKING pc=0x0000013be7354402 sp=0x0000002b61af5aa8 mode 2
Event: 4.410 Thread 0x0000013bd53d4cc0 Uncommon trap: trap_request=0xffffffc6 fr.pc=0x0000013be7a34760 relative=0x0000000000000600
Event: 4.411 Thread 0x0000013bd53d4cc0 Uncommon trap: reason=bimorphic_or_optimized_type_check action=maybe_recompile pc=0x0000013be7a34760 method=java.util.regex.Matcher.search(I)Z @ 121 c2
Event: 4.411 Thread 0x0000013bd53d4cc0 DEOPT PACKING pc=0x0000013be7a34760 sp=0x0000002b600fe490
Event: 4.411 Thread 0x0000013bd53d4cc0 DEOPT UNPACKING pc=0x0000013be7354402 sp=0x0000002b600fe3b8 mode 2
Event: 4.454 Thread 0x0000013bc7235180 Uncommon trap: trap_request=0xffffff45 fr.pc=0x0000013be79f0064 relative=0x0000000000001c84
Event: 4.454 Thread 0x0000013bc7235180 Uncommon trap: reason=unstable_if action=reinterpret pc=0x0000013be79f0064 method=java.util.HashMap.hash(Ljava/lang/Object;)I @ 1 c2
Event: 4.454 Thread 0x0000013bc7235180 DEOPT PACKING pc=0x0000013be79f0064 sp=0x0000002b61afcfb0
Event: 4.454 Thread 0x0000013bc7235180 DEOPT UNPACKING pc=0x0000013be7354402 sp=0x0000002b61afced0 mode 2
Event: 4.457 Thread 0x0000013bd53d4cc0 DEOPT PACKING pc=0x0000013be03f774e sp=0x0000002b600fdfd0
Event: 4.457 Thread 0x0000013bd53d4cc0 DEOPT UNPACKING pc=0x0000013be7354b22 sp=0x0000002b600fd4f8 mode 0

Classes loaded (20 events):
Event: 4.417 Loading class java/util/stream/IntPipeline$10
Event: 4.419 Loading class java/util/stream/IntPipeline$StatelessOp
Event: 4.419 Loading class java/util/stream/IntPipeline$StatelessOp done
Event: 4.419 Loading class java/util/stream/IntPipeline$10 done
Event: 4.420 Loading class java/util/stream/ReduceOps$9
Event: 4.420 Loading class java/util/stream/ReduceOps$9 done
Event: 4.420 Loading class java/util/stream/ReduceOps$CountingSink$OfInt
Event: 4.420 Loading class java/util/stream/ReduceOps$CountingSink$OfInt done
Event: 4.420 Loading class java/util/stream/IntPipeline$10$1
Event: 4.420 Loading class java/util/stream/IntPipeline$10$1 done
Event: 4.449 Loading class java/util/LinkedList$LLSpliterator
Event: 4.449 Loading class java/util/LinkedList$LLSpliterator done
Event: 4.467 Loading class java/util/Comparators$NullComparator
Event: 4.467 Loading class java/util/Comparators$NullComparator done
Event: 4.475 Loading class java/net/URLClassLoader$2
Event: 4.475 Loading class java/net/URLClassLoader$2 done
Event: 4.476 Loading class java/net/URLClassLoader$1
Event: 4.476 Loading class java/net/URLClassLoader$1 done
Event: 4.501 Loading class java/util/ArrayList$SubList$1
Event: 4.501 Loading class java/util/ArrayList$SubList$1 done

Classes unloaded (1 events):
Event: 1.680 Thread 0x0000013bf6767850 Unloading class 0x0000013b81003400 'java/lang/invoke/LambdaForm$DMH+0x0000013b81003400'

Classes redefined (0 events):
No events

Internal exceptions (20 events):
Event: 4.403 Thread 0x0000013bd53d4cc0 Exception <a 'java/lang/IncompatibleClassChangeError'{0x0000000707562b18}: Found class java.lang.Object, but interface was expected> (0x0000000707562b18) 
thrown [s\open\src\hotspot\share\interpreter\linkResolver.cpp, line 863]
Event: 4.414 Thread 0x0000013bd53d4cc0 Exception <a 'java/lang/ClassNotFoundException'{0x000000070756c220}: java/lang/StringEditor> (0x000000070756c220) 
thrown [s\open\src\hotspot\share\classfile\systemDictionary.cpp, line 313]
Event: 4.415 Thread 0x0000013bd53d4cc0 Exception <a 'java/lang/ClassNotFoundException'{0x000000070756f2a0}: java/lang/StringEditor> (0x000000070756f2a0) 
thrown [s\open\src\hotspot\share\classfile\systemDictionary.cpp, line 313]
Event: 4.415 Thread 0x0000013bd53d4cc0 Exception <a 'java/lang/ClassNotFoundException'{0x0000000707571200}: java/lang/StringEditor> (0x0000000707571200) 
thrown [s\open\src\hotspot\share\classfile\systemDictionary.cpp, line 313]
Event: 4.415 Thread 0x0000013bd53d4cc0 Exception <a 'java/lang/ClassNotFoundException'{0x0000000707573100}: java/lang/StringEditor> (0x0000000707573100) 
thrown [s\open\src\hotspot\share\classfile\systemDictionary.cpp, line 313]
Event: 4.416 Thread 0x0000013bd53d4cc0 Exception <a 'java/lang/ClassNotFoundException'{0x0000000707575388}: java/lang/StringEditor> (0x0000000707575388) 
thrown [s\open\src\hotspot\share\classfile\systemDictionary.cpp, line 313]
Event: 4.416 Thread 0x0000013bd53d4cc0 Exception <a 'java/lang/ClassNotFoundException'{0x00000007075772d0}: java/lang/StringEditor> (0x00000007075772d0) 
thrown [s\open\src\hotspot\share\classfile\systemDictionary.cpp, line 313]
Event: 4.421 Thread 0x0000013bd53d4cc0 Exception <a 'sun/nio/fs/WindowsException'{0x000000070757c6c8}> (0x000000070757c6c8) 
thrown [s\open\src\hotspot\share\prims\jni.cpp, line 520]
Event: 4.436 Thread 0x0000013bd53d4cc0 Exception <a 'sun/nio/fs/WindowsException'{0x000000070757e8a0}> (0x000000070757e8a0) 
thrown [s\open\src\hotspot\share\prims\jni.cpp, line 520]
Event: 4.447 Thread 0x0000013bc7235180 Exception <a 'java/lang/NoSuchMethodError'{0x0000000707237ed0}: 'int java.lang.invoke.DirectMethodHandle$Holder.invokeStatic(java.lang.Object, int, java.lang.Object, java.lang.Object)'> (0x0000000707237ed0) 
thrown [s\open\src\hotspot\share\interpreter\linkResolver.cpp, line 796]
Event: 4.452 Thread 0x0000013bd53d4cc0 Exception <a 'sun/nio/fs/WindowsException'{0x00000007075807d8}> (0x00000007075807d8) 
thrown [s\open\src\hotspot\share\prims\jni.cpp, line 520]
Event: 4.453 Thread 0x0000013bd53d4cc0 Exception <a 'sun/nio/fs/WindowsException'{0x0000000707583440}> (0x0000000707583440) 
thrown [s\open\src\hotspot\share\prims\jni.cpp, line 520]
Event: 4.454 Thread 0x0000013bd53d4cc0 Exception <a 'sun/nio/fs/WindowsException'{0x0000000707585940}> (0x0000000707585940) 
thrown [s\open\src\hotspot\share\prims\jni.cpp, line 520]
Event: 4.454 Thread 0x0000013bc7235180 Implicit null exception at 0x0000013be79ee43a to 0x0000013be79f0050
Event: 4.456 Thread 0x0000013bd53d4cc0 Exception <a 'sun/nio/fs/WindowsException'{0x0000000707587d50}> (0x0000000707587d50) 
thrown [s\open\src\hotspot\share\prims\jni.cpp, line 520]
Event: 4.459 Thread 0x0000013bd53d4cc0 Exception <a 'java/io/FileNotFoundException'{0x00000007072a0768}> (0x00000007072a0768) 
thrown [s\open\src\hotspot\share\prims\jni.cpp, line 520]
Event: 4.459 Thread 0x0000013bd53d4cc0 Exception <a 'java/io/FileNotFoundException'{0x00000007072a1508}> (0x00000007072a1508) 
thrown [s\open\src\hotspot\share\prims\jni.cpp, line 520]
Event: 4.471 Thread 0x0000013bd53d4cc0 Exception <a 'java/lang/NoSuchMethodError'{0x00000007072bc2f0}: 'int java.lang.invoke.DirectMethodHandle$Holder.invokeStatic(java.lang.Object, java.lang.Object, java.lang.Object, java.lang.Object, java.lang.Object)'> (0x00000007072bc2f0) 
thrown [s\open\src\hotspot\share\interpreter\linkResolver.cpp, line 796]
Event: 4.518 Thread 0x0000013bd53d4cc0 Exception <a 'java/lang/IncompatibleClassChangeError'{0x00000007073bf598}: Found class java.lang.Object, but interface was expected> (0x00000007073bf598) 
thrown [s\open\src\hotspot\share\interpreter\linkResolver.cpp, line 863]
Event: 4.519 Thread 0x0000013bd53d4cc0 Exception <a 'java/lang/NoSuchMethodError'{0x00000007073c1ac0}: 'void java.lang.invoke.DirectMethodHandle$Holder.invokeInterface(java.lang.Object, java.lang.Object)'> (0x00000007073c1ac0) 
thrown [s\open\src\hotspot\share\interpreter\linkResolver.cpp, line 796]

VM Operations (20 events):
Event: 3.674 Executing VM operation: HandshakeAllThreads (Deoptimize)
Event: 3.674 Executing VM operation: HandshakeAllThreads (Deoptimize) done
Event: 3.686 Executing VM operation: HandshakeAllThreads (Deoptimize)
Event: 3.686 Executing VM operation: HandshakeAllThreads (Deoptimize) done
Event: 3.712 Executing VM operation: HandshakeAllThreads (Deoptimize)
Event: 3.712 Executing VM operation: HandshakeAllThreads (Deoptimize) done
Event: 3.718 Executing VM operation: HandshakeAllThreads (Deoptimize)
Event: 3.719 Executing VM operation: HandshakeAllThreads (Deoptimize) done
Event: 3.944 Executing VM operation: HandshakeAllThreads (Deoptimize)
Event: 3.944 Executing VM operation: HandshakeAllThreads (Deoptimize) done
Event: 3.968 Executing VM operation: HandshakeAllThreads (Deoptimize)
Event: 3.968 Executing VM operation: HandshakeAllThreads (Deoptimize) done
Event: 3.975 Executing VM operation: G1CollectForAllocation (G1 Evacuation Pause)
Event: 3.988 Executing VM operation: G1CollectForAllocation (G1 Evacuation Pause) done
Event: 4.253 Executing VM operation: HandshakeAllThreads (Deoptimize)
Event: 4.254 Executing VM operation: HandshakeAllThreads (Deoptimize) done
Event: 4.295 Executing VM operation: HandshakeAllThreads (Deoptimize)
Event: 4.295 Executing VM operation: HandshakeAllThreads (Deoptimize) done
Event: 4.326 Executing VM operation: HandshakeAllThreads (Deoptimize)
Event: 4.342 Executing VM operation: HandshakeAllThreads (Deoptimize) done

Memory protections (0 events):
No events

Nmethod flushes (20 events):
Event: 2.393 Thread 0x0000013bf6767850 flushing  nmethod 0x0000013bdffb9c88
Event: 2.393 Thread 0x0000013bf6767850 flushing  nmethod 0x0000013bdffbaf08
Event: 2.393 Thread 0x0000013bf6767850 flushing  nmethod 0x0000013bdffbb508
Event: 2.393 Thread 0x0000013bf6767850 flushing  nmethod 0x0000013bdffbe388
Event: 2.393 Thread 0x0000013bf6767850 flushing  nmethod 0x0000013bdffd9208
Event: 2.393 Thread 0x0000013bf6767850 flushing  nmethod 0x0000013bdffd9508
Event: 2.393 Thread 0x0000013bf6767850 flushing  nmethod 0x0000013bdffdc208
Event: 2.393 Thread 0x0000013bf6767850 flushing  nmethod 0x0000013bdffe2808
Event: 2.393 Thread 0x0000013bf6767850 flushing  nmethod 0x0000013bdfffec08
Event: 2.393 Thread 0x0000013bf6767850 flushing  nmethod 0x0000013be001e688
Event: 2.393 Thread 0x0000013bf6767850 flushing  nmethod 0x0000013be001f408
Event: 2.393 Thread 0x0000013bf6767850 flushing  nmethod 0x0000013be001fa08
Event: 2.393 Thread 0x0000013bf6767850 flushing  nmethod 0x0000013be0026d08
Event: 2.393 Thread 0x0000013bf6767850 flushing  nmethod 0x0000013be003f488
Event: 2.393 Thread 0x0000013bf6767850 flushing  nmethod 0x0000013be0051108
Event: 2.393 Thread 0x0000013bf6767850 flushing  nmethod 0x0000013be0051408
Event: 2.393 Thread 0x0000013bf6767850 flushing  nmethod 0x0000013be0053988
Event: 2.393 Thread 0x0000013bf6767850 flushing  nmethod 0x0000013be00efa88
Event: 2.393 Thread 0x0000013bf6767850 flushing  nmethod 0x0000013be01b6508
Event: 2.393 Thread 0x0000013bf6767850 flushing  nmethod 0x0000013be01c2b08

Events (20 events):
Event: 2.987 Thread 0x0000013bc84ba720 Thread added: 0x0000013bc84b5860
Event: 3.050 Thread 0x0000013bc84b5860 Thread added: 0x0000013bc84b5ef0
Event: 3.077 Thread 0x0000013bd53d4cc0 Thread added: 0x0000013bc84b3e20
Event: 3.079 Thread 0x0000013bd53d4cc0 Thread added: 0x0000013bc84b44b0
Event: 3.129 Thread 0x0000013bc84b3790 Thread added: 0x0000013bc84b4b40
Event: 3.131 Thread 0x0000013bc84b3790 Thread added: 0x0000013bc84b51d0
Event: 3.131 Thread 0x0000013bc84b3790 Thread added: 0x0000013bc66b40d0
Event: 3.386 Thread 0x0000013bc51ea800 Thread exited: 0x0000013bc51ea800
Event: 3.510 Thread 0x0000013bc84b6c10 Thread exited: 0x0000013bc84b6c10
Event: 3.696 Thread 0x0000013bf6795c80 Thread added: 0x0000013bc786c8b0
Event: 4.037 Thread 0x0000013bd53d4cc0 Thread added: 0x0000013bc8b6cc50
Event: 4.049 Thread 0x0000013bd53d4cc0 Thread added: 0x0000013bc8b6e000
Event: 4.051 Thread 0x0000013bc8b6cc50 Thread added: 0x0000013bc8b6d2e0
Event: 4.069 Thread 0x0000013bd53d4cc0 Thread added: 0x0000013bc8b72ec0
Event: 4.069 Thread 0x0000013bd53d4cc0 Thread added: 0x0000013bc8b71480
Event: 4.071 Thread 0x0000013bc8b72ec0 Thread added: 0x0000013bc8b73550
Event: 4.072 Thread 0x0000013bc8b72ec0 Thread added: 0x0000013bc8b6d970
Event: 4.125 Thread 0x0000013bd53d4cc0 Thread added: 0x0000013bc8b721a0
Event: 4.125 Thread 0x0000013bc75c71b0 Thread added: 0x0000013bc8b6e690
Event: 4.187 Thread 0x0000013bc8b6e000 Thread added: 0x0000013bc8b70df0


Dynamic libraries:
0x00007ff7f6f20000 - 0x00007ff7f6f2e000 	C:\Users\Hatem Mamdouh\.jdks\openjdk-23.0.2\bin\java.exe
0x00007ffd01030000 - 0x00007ffd01228000 	C:\Windows\SYSTEM32\ntdll.dll
0x00007ffcda940000 - 0x00007ffcda95a000 	C:\Program Files\AVG\Antivirus\aswhook.dll
0x00007ffd00e10000 - 0x00007ffd00ed2000 	C:\Windows\System32\KERNEL32.DLL
0x00007ffcfe900000 - 0x00007ffcfebf6000 	C:\Windows\System32\KERNELBASE.dll
0x00007ffcfeea0000 - 0x00007ffcfefa0000 	C:\Windows\System32\ucrtbase.dll
0x00007ffcecfa0000 - 0x00007ffcecfb7000 	C:\Users\Hatem Mamdouh\.jdks\openjdk-23.0.2\bin\jli.dll
0x00007ffce9790000 - 0x00007ffce97ab000 	C:\Users\Hatem Mamdouh\.jdks\openjdk-23.0.2\bin\VCRUNTIME140.dll
0x00007ffcff050000 - 0x00007ffcff1ed000 	C:\Windows\System32\USER32.dll
0x00007ffcfec50000 - 0x00007ffcfec72000 	C:\Windows\System32\win32u.dll
0x00007ffce3210000 - 0x00007ffce34aa000 	C:\Windows\WinSxS\amd64_microsoft.windows.common-controls_6595b64144ccf1df_6.0.19041.4355_none_60b8b9eb71f62e16\COMCTL32.dll
0x00007ffcffec0000 - 0x00007ffcffeeb000 	C:\Windows\System32\GDI32.dll
0x00007ffcffd90000 - 0x00007ffcffe2e000 	C:\Windows\System32\msvcrt.dll
0x00007ffcfe7e0000 - 0x00007ffcfe8fa000 	C:\Windows\System32\gdi32full.dll
0x00007ffcfe740000 - 0x00007ffcfe7dd000 	C:\Windows\System32\msvcp_win.dll
0x00007ffcffe30000 - 0x00007ffcffe5f000 	C:\Windows\System32\IMM32.DLL
0x00007ffcf8720000 - 0x00007ffcf872c000 	C:\Users\Hatem Mamdouh\.jdks\openjdk-23.0.2\bin\vcruntime140_1.dll
0x00007ffccf0c0000 - 0x00007ffccf14e000 	C:\Users\Hatem Mamdouh\.jdks\openjdk-23.0.2\bin\msvcp140.dll
0x00007ffc5e420000 - 0x00007ffc5f170000 	C:\Users\Hatem Mamdouh\.jdks\openjdk-23.0.2\bin\server\jvm.dll
0x00007ffd00c00000 - 0x00007ffd00caf000 	C:\Windows\System32\ADVAPI32.dll
0x00007ffd00790000 - 0x00007ffd0082f000 	C:\Windows\System32\sechost.dll
0x00007ffcffc60000 - 0x00007ffcffd83000 	C:\Windows\System32\RPCRT4.dll
0x00007ffcfec80000 - 0x00007ffcfeca7000 	C:\Windows\System32\bcrypt.dll
0x00007ffd00830000 - 0x00007ffd0089b000 	C:\Windows\System32\WS2_32.dll
0x00007ffcfe520000 - 0x00007ffcfe56b000 	C:\Windows\SYSTEM32\POWRPROF.dll
0x00007ffced320000 - 0x00007ffced347000 	C:\Windows\SYSTEM32\WINMM.dll
0x00007ffcf9a30000 - 0x00007ffcf9a3a000 	C:\Windows\SYSTEM32\VERSION.dll
0x00007ffcfe450000 - 0x00007ffcfe462000 	C:\Windows\SYSTEM32\UMPDC.dll
0x00007ffcfc560000 - 0x00007ffcfc572000 	C:\Windows\SYSTEM32\kernel.appcore.dll
0x00007ffced590000 - 0x00007ffced59a000 	C:\Users\Hatem Mamdouh\.jdks\openjdk-23.0.2\bin\jimage.dll
0x00007ffcf80b0000 - 0x00007ffcf8294000 	C:\Windows\SYSTEM32\DBGHELP.DLL
0x00007ffcf8030000 - 0x00007ffcf8064000 	C:\Windows\SYSTEM32\dbgcore.DLL
0x00007ffcfecb0000 - 0x00007ffcfed32000 	C:\Windows\System32\bcryptPrimitives.dll
0x00007ffcfb9f0000 - 0x00007ffcfb9ff000 	C:\Users\Hatem Mamdouh\.jdks\openjdk-23.0.2\bin\instrument.dll
0x00007ffce8c70000 - 0x00007ffce8c8e000 	C:\Users\Hatem Mamdouh\.jdks\openjdk-23.0.2\bin\java.dll
0x00007ffcffb30000 - 0x00007ffcffc5b000 	C:\Windows\System32\ole32.dll
0x00007ffd008a0000 - 0x00007ffd00bf5000 	C:\Windows\System32\combase.dll
0x00007ffcfff00000 - 0x00007ffd0066f000 	C:\Windows\System32\SHELL32.dll
0x00007ffcfc760000 - 0x00007ffcfcf03000 	C:\Windows\SYSTEM32\windows.storage.dll
0x00007ffcfe020000 - 0x00007ffcfe04b000 	C:\Windows\SYSTEM32\Wldp.dll
0x00007ffcff840000 - 0x00007ffcff90d000 	C:\Windows\System32\OLEAUT32.dll
0x00007ffcff920000 - 0x00007ffcff9cd000 	C:\Windows\System32\SHCORE.dll
0x00007ffd00ee0000 - 0x00007ffd00f35000 	C:\Windows\System32\shlwapi.dll
0x00007ffcfe5f0000 - 0x00007ffcfe615000 	C:\Windows\SYSTEM32\profapi.dll
0x00007ffcbaff0000 - 0x00007ffcbb0c7000 	C:\Users\Hatem Mamdouh\.jdks\openjdk-23.0.2\bin\jsvml.dll
0x00007ffce4220000 - 0x00007ffce4237000 	C:\Users\Hatem Mamdouh\.jdks\openjdk-23.0.2\bin\zip.dll
0x00007ffced2d0000 - 0x00007ffced2e0000 	C:\Users\Hatem Mamdouh\.jdks\openjdk-23.0.2\bin\net.dll
0x00007ffcfdd80000 - 0x00007ffcfddec000 	C:\Windows\system32\mswsock.dll
0x00007ffce5870000 - 0x00007ffce5886000 	C:\Users\Hatem Mamdouh\.jdks\openjdk-23.0.2\bin\nio.dll
0x00007ffcf7010000 - 0x00007ffcf702a000 	C:\Program Files\JetBrains\IntelliJ IDEA Community Edition 2024.2.4\bin\breakgen64.dll
0x00007ffced190000 - 0x00007ffced199000 	C:\Users\Hatem Mamdouh\.jdks\openjdk-23.0.2\bin\extnet.dll
0x00007ffcf9800000 - 0x00007ffcf980a000 	C:\Users\Hatem Mamdouh\.jdks\openjdk-23.0.2\bin\management.dll
0x00007ffced8f0000 - 0x00007ffced8fb000 	C:\Users\Hatem Mamdouh\.jdks\openjdk-23.0.2\bin\management_ext.dll
0x00007ffd00e00000 - 0x00007ffd00e08000 	C:\Windows\System32\PSAPI.DLL
0x00007ffce0c20000 - 0x00007ffce0c37000 	C:\Windows\system32\napinsp.dll
0x00007ffce0be0000 - 0x00007ffce0bfb000 	C:\Windows\system32\pnrpnsp.dll
0x00007ffce0c00000 - 0x00007ffce0c15000 	C:\Windows\system32\wshbth.dll
0x00007ffcf9660000 - 0x00007ffcf967d000 	C:\Windows\system32\NLAapi.dll
0x00007ffcfda60000 - 0x00007ffcfda9b000 	C:\Windows\SYSTEM32\IPHLPAPI.DLL
0x00007ffcfdaa0000 - 0x00007ffcfdb6a000 	C:\Windows\SYSTEM32\DNSAPI.dll
0x00007ffcff910000 - 0x00007ffcff918000 	C:\Windows\System32\NSI.dll
0x00007ffce0c40000 - 0x00007ffce0c52000 	C:\Windows\System32\winrnr.dll
0x00007ffcf5fb0000 - 0x00007ffcf5fba000 	C:\Windows\System32\rasadhlp.dll
0x00007ffcf54c0000 - 0x00007ffcf5540000 	C:\Windows\System32\fwpuclnt.dll
0x00007ffcfdf70000 - 0x00007ffcfdf88000 	C:\Windows\SYSTEM32\CRYPTSP.dll
0x00007ffcfd6a0000 - 0x00007ffcfd6d8000 	C:\Windows\system32\rsaenh.dll
0x00007ffcfe5b0000 - 0x00007ffcfe5de000 	C:\Windows\SYSTEM32\USERENV.dll
0x00007ffcfdf90000 - 0x00007ffcfdf9c000 	C:\Windows\SYSTEM32\CRYPTBASE.dll
0x00007ffce9f00000 - 0x00007ffce9f10000 	C:\Users\Hatem Mamdouh\.jdks\openjdk-23.0.2\bin\verify.dll
0x00007ffced310000 - 0x00007ffced31e000 	C:\Users\Hatem Mamdouh\.jdks\openjdk-23.0.2\bin\sunmscapi.dll
0x00007ffcfed40000 - 0x00007ffcfee9d000 	C:\Windows\System32\CRYPT32.dll
0x00007ffcfe090000 - 0x00007ffcfe0b7000 	C:\Windows\SYSTEM32\ncrypt.dll
0x00007ffcfe050000 - 0x00007ffcfe08b000 	C:\Windows\SYSTEM32\NTASN1.dll
0x00007ffc406b0000 - 0x00007ffc43968000 	C:\Users\Hatem Mamdouh\AppData\Local\Temp\opencv_openpnp272252876114687721\nu\pattern\opencv\windows\x86_64\opencv_java490.dll
0x00007ffc91ee0000 - 0x00007ffc91f65000 	C:\Windows\SYSTEM32\MF.dll
0x00007ffcc5880000 - 0x00007ffcc5a3c000 	C:\Windows\SYSTEM32\MFPlat.DLL
0x00007ffcc5a40000 - 0x00007ffcc5b50000 	C:\Windows\SYSTEM32\MFReadWrite.dll
0x00007ffcfec00000 - 0x00007ffcfec4e000 	C:\Windows\System32\cfgmgr32.dll
0x00007ffcfcf50000 - 0x00007ffcfd046000 	C:\Windows\SYSTEM32\dxgi.dll
0x00007ffcfa2a0000 - 0x00007ffcfa503000 	C:\Windows\SYSTEM32\d3d11.dll
0x00007ffc87200000 - 0x00007ffc8768f000 	C:\Windows\SYSTEM32\MFCORE.DLL
0x00007ffce5920000 - 0x00007ffce5929000 	C:\Windows\SYSTEM32\ksuser.dll
0x00007ffcc64a0000 - 0x00007ffcc64d4000 	C:\Windows\SYSTEM32\RTWorkQ.DLL
0x00007ffcb6d60000 - 0x00007ffcb6eed000 	C:\Users\Hatem Mamdouh\.jdks\openjdk-23.0.2\bin\awt.dll
0x00007ffcfbae0000 - 0x00007ffcfbb74000 	C:\Windows\SYSTEM32\apphelp.dll
0x00007ffcfc070000 - 0x00007ffcfc10e000 	C:\Windows\system32\uxtheme.dll
0x00007ffd00670000 - 0x00007ffd00785000 	C:\Windows\System32\MSCTF.dll
0x00007ffcfc350000 - 0x00007ffcfc37f000 	C:\Windows\system32\DWMAPI.DLL
0x00007ffcb8fb0000 - 0x00007ffcb8fb7000 	C:\Windows\system32\wshunix.dll

dbghelp: loaded successfully - version: 4.0.5 - missing functions: none
symbol engine: initialized successfully - sym options: 0x614 - pdb path: .;C:\Users\Hatem Mamdouh\.jdks\openjdk-23.0.2\bin;C:\Windows\SYSTEM32;C:\Program Files\AVG\Antivirus;C:\Windows\WinSxS\amd64_microsoft.windows.common-controls_6595b64144ccf1df_6.0.19041.4355_none_60b8b9eb71f62e16;C:\Users\Hatem Mamdouh\.jdks\openjdk-23.0.2\bin\server;C:\Program Files\JetBrains\IntelliJ IDEA Community Edition 2024.2.4\bin;C:\Users\Hatem Mamdouh\AppData\Local\Temp\opencv_openpnp272252876114687721\nu\pattern\opencv\windows\x86_64

VM Arguments:
jvm_args: -ea -Didea.test.cyclic.buffer.size=1048576 -javaagent:C:\Program Files\JetBrains\IntelliJ IDEA Community Edition 2024.2.4\lib\idea_rt.jar=61820:C:\Program Files\JetBrains\IntelliJ IDEA Community Edition 2024.2.4\bin -Dfile.encoding=UTF-8 -Dsun.stdout.encoding=UTF-8 -Dsun.stderr.encoding=UTF-8 
java_command: com.intellij.rt.testng.RemoteTestNGStarter -usedefaultlisteners false -socket61819 @w@C:\Users\HATEMM~1\AppData\Local\Temp\idea_working_dirs_testng.tmp -temp C:\Users\HATEMM~1\AppData\Local\Temp\idea_testng.tmp
java_class_path (initial): C:\Users\HATEMM~1\AppData\Local\Temp\classpath2014126752.jar
Launcher Type: SUN_STANDARD

[Global flags]
     intx CICompilerCount                          = 3                                         {product} {ergonomic}
     uint ConcGCThreads                            = 2                                         {product} {ergonomic}
     uint G1ConcRefinementThreads                  = 6                                         {product} {ergonomic}
   size_t G1HeapRegionSize                         = 2097152                                   {product} {ergonomic}
   size_t InitialHeapSize                          = 266338304                                 {product} {ergonomic}
   size_t MarkStackSize                            = 4194304                                   {product} {ergonomic}
   size_t MarkStackSizeMax                         = 536870912                                 {product} {ergonomic}
   size_t MaxHeapSize                              = 4236247040                                {product} {ergonomic}
   size_t MaxNewSize                               = 2541748224                                {product} {ergonomic}
   size_t MinHeapDeltaBytes                        = 2097152                                   {product} {ergonomic}
   size_t MinHeapSize                              = 8388608                                   {product} {ergonomic}
    uintx NonNMethodCodeHeapSize                   = 5832704                                {pd product} {ergonomic}
    uintx NonProfiledCodeHeapSize                  = 122945536                              {pd product} {ergonomic}
    uintx ProfiledCodeHeapSize                     = 122880000                              {pd product} {ergonomic}
    uintx ReservedCodeCacheSize                    = 251658240                              {pd product} {ergonomic}
     bool SegmentedCodeCache                       = true                                      {product} {ergonomic}
   size_t SoftMaxHeapSize                          = 4236247040                             {manageable} {ergonomic}
     bool UseCompressedOops                        = true                           {product lp64_product} {ergonomic}
     bool UseG1GC                                  = true                                      {product} {ergonomic}
     bool UseLargePagesIndividualAllocation        = false                                  {pd product} {ergonomic}

Logging:
Log output configuration:
 #0: stdout all=warning uptime,level,tags foldmultilines=false
 #1: stderr all=off uptime,level,tags foldmultilines=false

Environment Variables:
PATH=C:\Program Files\Common Files\Oracle\Java\javapath;C:\Windows\system32;C:\Windows;C:\Windows\System32\Wbem;C:\Windows\System32\WindowsPowerShell\v1.0\;C:\Windows\System32\OpenSSH\;C:\Program Files\MySQL\MySQL Server 8.0\bin;C:\Program Files\Git\cmd;C:\Program Files\nodejs\;C:\ProgramData\chocolatey\bin;C:\Program Files\nodejs\;C:\Program Files\nodejs\node_modules;C:\Users\Hatem Mamdouh\AppData\Local\Microsoft\WindowsApps;C:\Program Files\JetBrains\IntelliJ IDEA Community Edition 2024.2.4\bin;;C:\Program Files\Maven\apache-maven-3.9.9\bin;C:\Users\Hatem Mamdouh\AppData\Roaming\npm;
USERNAME=HatemMamdouh
OS=Windows_NT
PROCESSOR_IDENTIFIER=Intel64 Family 6 Model 158 Stepping 10, GenuineIntel
TMP=C:\Users\HATEMM~1\AppData\Local\Temp
TEMP=C:\Users\HATEMM~1\AppData\Local\Temp




Periodic native trim disabled

---------------  S Y S T E M  ---------------

OS:
 Windows 10 , 64 bit Build 19041 (10.0.19041.5678)
OS uptime: 20 days 0:39 hours

CPU: total 6 (initial active 6) (6 cores per cpu, 1 threads per core) family 6 model 158 stepping 10 microcode 0xf6, cx8, cmov, fxsr, mmx, 3dnowpref, sse, sse2, sse3, ssse3, sse4.1, sse4.2, popcnt, lzcnt, tsc, tscinvbit, avx, avx2, aes, erms, clmul, bmi1, bmi2, rtm, adx, fma, vzeroupper, clflush, clflushopt, rdtscp, f16c
Processor Information for the first 6 processors :
  Max Mhz: 3000, Current Mhz: 3000, Mhz Limit: 3000

Memory: 4k page, system-wide physical 16158M (3698M free)
TotalPageFile size 22183M (AvailPageFile size 3194M)
current process WorkingSet (physical memory assigned to process): 262M, peak: 262M
current process commit charge ("private bytes"): 293M, peak: 396M

vm_info: OpenJDK 64-Bit Server VM (23.0.2+7-58) for windows-amd64 JRE (23.0.2+7-58), built on 2024-11-29T09:34:55Z with MS VC++ 17.6 (VS2022)

END.
